
Webpack is watching the files…

Hash: 72d03d8ae90e5dc3494c
Version: webpack 3.3.0
Time: 18040ms
          Asset     Size  Chunks                    Chunk Names
index.bundle.js  1.06 MB       0  [emitted]  [big]  index
  [83] ./index.js 716 bytes {0} [built]
 [186] ./Index.jsx 2.64 kB {0} [built]
 [188] (webpack)/buildin/module.js 521 bytes {0} [built]
 [189] C:/Users/vikas/Desktop/WebChat_Github/WebChat/node_modules/style-loader!C:/Users/vikas/Desktop/WebChat_Github/WebChat/node_modules/css-loader!../css/index.css 1.01 kB {0} [built]
 [190] C:/Users/vikas/Desktop/WebChat_Github/WebChat/node_modules/css-loader!../css/index.css 203 bytes {0} [built]
    + 189 hidden modules
[33m[nodemon] 1.11.0[39m
[33m[nodemon] to restart at any time, enter `rs`[39m
[33m[nodemon] watching: *.*[39m
[32m[nodemon] starting `node server.js`[39m
events.js:160
      throw er; // Unhandled 'error' event
      ^

Error: EPERM: operation not permitted, read
    at Error (native)
listening on port 8080
[33m[nodemon] 1.11.0[39m
[33m[nodemon] to restart at any time, enter `rs`[39m
[33m[nodemon] watching: *.*[39m
[32m[nodemon] starting `node server.js`[39m
events.js:160
      throw er; // Unhandled 'error' event
      ^

Error: EPERM: operation not permitted, read
    at Error (native)
[33m[nodemon] 1.11.0[39m
[33m[nodemon] to restart at any time, enter `rs`[39m
[33m[nodemon] watching: *.*[39m
[32m[nodemon] starting `node server.js`[39m
events.js:160
      throw er; // Unhandled 'error' event
      ^

Error: EPERM: operation not permitted, read
    at Error (native)
listening on port 8080
events.js:160
      throw er; // Unhandled 'error' event
      ^

Error: listen EADDRINUSE :::8080
    at Object.exports._errnoException (util.js:1018:11)
    at exports._exceptionWithHostPort (util.js:1041:20)
    at Server._listen2 (net.js:1258:14)
    at listen (net.js:1294:10)
    at Server.listen (net.js:1390:5)
    at EventEmitter.listen (C:\Users\vikas\Desktop\WebChat_Github\WebChat\node_modules\express\lib\application.js:618:24)
    at Object.<anonymous> (C:\Users\vikas\Desktop\WebChat_Github\WebChat\server.js:21:5)
    at Module._compile (module.js:570:32)
    at Object.Module._extensions..js (module.js:579:10)
    at Module.load (module.js:487:32)
[33m[nodemon] 1.11.0[39m
[33m[nodemon] to restart at any time, enter `rs`[39m
[33m[nodemon] watching: *.*[39m
[32m[nodemon] starting `node server.js; webpack server.js`[39m
events.js:160
      throw er; // Unhandled 'error' event
      ^

Error: EPERM: operation not permitted, read
    at Error (native)
module.js:471
    throw err;
    ^

Error: Cannot find module 'C:\Users\vikas\Desktop\WebChat_Github\WebChat\server.js;'
    at Function.Module._resolveFilename (module.js:469:15)
    at Function.Module._load (module.js:417:25)
    at Module.runMain (module.js:604:10)
    at run (bootstrap_node.js:389:7)
    at startup (bootstrap_node.js:149:9)
    at bootstrap_node.js:504:3
[33m[nodemon] 1.11.0[39m
[33m[nodemon] to restart at any time, enter `rs`[39m
[33m[nodemon] watching: *.*[39m
[32m[nodemon] starting `node server.js; webpack server.js`[39m
events.js:160
      throw er; // Unhandled 'error' event
      ^

Error: EPERM: operation not permitted, read
    at Error (native)
[33m[nodemon] 1.11.0[39m
[33m[nodemon] to restart at any time, enter `rs`[39m
[33m[nodemon] watching: *.*[39m
[32m[nodemon] starting `node server.js`[39m
events.js:160
      throw er; // Unhandled 'error' event
      ^

Error: EPERM: operation not permitted, read
    at Error (native)
listening on port 8080
[33m[nodemon] 1.11.0[39m
[33m[nodemon] to restart at any time, enter `rs`[39m
[33m[nodemon] watching: *.*[39m
[32m[nodemon] starting `node server.js`[39m
events.js:160
      throw er; // Unhandled 'error' event
      ^

Error: EPERM: operation not permitted, read
    at Error (native)
listening on port 8080
events.js:160
      throw er; // Unhandled 'error' event
      ^

Error: listen EADDRINUSE :::8080
    at Object.exports._errnoException (util.js:1018:11)
    at exports._exceptionWithHostPort (util.js:1041:20)
    at Server._listen2 (net.js:1258:14)
    at listen (net.js:1294:10)
    at Server.listen (net.js:1390:5)
    at EventEmitter.listen (C:\Users\vikas\Desktop\WebChat_Github\WebChat\node_modules\express\lib\application.js:618:24)
    at Object.<anonymous> (C:\Users\vikas\Desktop\WebChat_Github\WebChat\server.js:21:5)
    at Module._compile (module.js:570:32)
    at Object.Module._extensions..js (module.js:579:10)
    at Module.load (module.js:487:32)
[33m[nodemon] 1.11.0[39m
[33m[nodemon] to restart at any time, enter `rs`[39m
[33m[nodemon] watching: *.*[39m
[32m[nodemon] starting `node server.js`[39m
events.js:160
      throw er; // Unhandled 'error' event
      ^

Error: EPERM: operation not permitted, read
    at Error (native)
listening on port 8080
events.js:160
      throw er; // Unhandled 'error' event
      ^

Error: listen EADDRINUSE :::8080
    at Object.exports._errnoException (util.js:1018:11)
    at exports._exceptionWithHostPort (util.js:1041:20)
    at Server._listen2 (net.js:1258:14)
    at listen (net.js:1294:10)
    at Server.listen (net.js:1390:5)
    at EventEmitter.listen (C:\Users\vikas\Desktop\WebChat_Github\WebChat\node_modules\express\lib\application.js:618:24)
    at Object.<anonymous> (C:\Users\vikas\Desktop\WebChat_Github\WebChat\server.js:21:5)
    at Module._compile (module.js:570:32)
    at Object.Module._extensions..js (module.js:579:10)
    at Module.load (module.js:487:32)
[33m[nodemon] 1.11.0[39m
[33m[nodemon] to restart at any time, enter `rs`[39m
[33m[nodemon] watching: *.*[39m
[32m[nodemon] starting `node server.js`[39m
events.js:160
      throw er; // Unhandled 'error' event
      ^

Error: EPERM: operation not permitted, read
    at Error (native)
listening on port 8080
[33m[nodemon] 1.11.0[39m
[33m[nodemon] to restart at any time, enter `rs`[39m
[33m[nodemon] watching: *.*[39m
[32m[nodemon] starting `node server.js`[39m
events.js:160
      throw er; // Unhandled 'error' event
      ^

Error: EPERM: operation not permitted, read
    at Error (native)
[33m[nodemon] 1.11.0[39m
[33m[nodemon] to restart at any time, enter `rs`[39m
[33m[nodemon] watching: *.*[39m
[32m[nodemon] starting `node server.js`[39m
events.js:160
      throw er; // Unhandled 'error' event
      ^

Error: EPERM: operation not permitted, read
    at Error (native)
listening on port 8080
